<?xml version="1.0" encoding="UTF-8"?>
<testsuite xmlns:xsi="http://www.w3.org/2001/XMLSchema-instance" xsi:noNamespaceSchemaLocation="https://maven.apache.org/surefire/maven-surefire-plugin/xsd/surefire-test-report-3.0.xsd" version="3.0" name="TestSuite" time="39.351" tests="4" errors="0" skipped="0" failures="0">
  <properties>
[...]
</properties>
  <testcase name="basePageNavigation" classname="Academy.HomePage" time="14.188"/>
  <testcase name="basePageNavigation" classname="Academy.HomePage" time="3.716"/>
  <testcase name="validateAppTitle" classname="Academy.validateTitle" time="0.064"/>
  <testcase name="validateAppNavBar" classname="Academy.validateNavigationBar" time="0.106"/>
</testsuite>