<?xml version="1.0" encoding="UTF-8"?>
<testng-results skipped="0" failed="0" ignored="0" total="4" passed="4">
  <reporter-output>
  </reporter-output>
  <suite name="Suite" duration-ms="37520" started-at="2020-12-21T08:07:57 MST" finished-at="2020-12-21T08:08:35 MST">
    <groups>
    </groups>
    <test name="Validating User login" duration-ms="22695" started-at="2020-12-21T08:07:57 MST" finished-at="2020-12-21T08:08:20 MST">
      <class name="Academy.HomePage">
        <test-method status="PASS" signature="initialize()[pri:0, instance:Academy.HomePage@2f217633]" name="initialize" is-config="true" duration-ms="4610" started-at="2020-12-21T08:07:57 MST" finished-at="2020-12-21T08:08:02 MST">
          <reporter-output>
          </reporter-output>
        </test-method> <!-- initialize -->
        <test-method status="PASS" signature="basePageNavigation(java.lang.String, java.lang.String, java.lang.String)[pri:0, instance:Academy.HomePage@2f217633]" name="basePageNavigation" duration-ms="14179" started-at="2020-12-21T08:08:02 MST" data-provider="getData" finished-at="2020-12-21T08:08:16 MST">
          <params>
            <param index="0">
              <value>
                <![CDATA[nonrestricteduser@qw.com]]>
              </value>
            </param>
            <param index="1">
              <value>
                <![CDATA[123456]]>
              </value>
            </param>
            <param index="2">
              <value>
                <![CDATA[Restrcited User]]>
              </value>
            </param>
          </params>
          <reporter-output>
          </reporter-output>
        </test-method> <!-- basePageNavigation -->
        <test-method status="PASS" signature="basePageNavigation(java.lang.String, java.lang.String, java.lang.String)[pri:0, instance:Academy.HomePage@2f217633]" name="basePageNavigation" duration-ms="3714" started-at="2020-12-21T08:08:16 MST" data-provider="getData" finished-at="2020-12-21T08:08:20 MST">
          <params>
            <param index="0">
              <value>
                <![CDATA[restricteduser@qw.com]]>
              </value>
            </param>
            <param index="1">
              <value>
                <![CDATA[456788]]>
              </value>
            </param>
            <param index="2">
              <value>
                <![CDATA[Non restricted user]]>
              </value>
            </param>
          </params>
          <reporter-output>
          </reporter-output>
        </test-method> <!-- basePageNavigation -->
        <test-method status="PASS" signature="teardown()[pri:0, instance:Academy.HomePage@2f217633]" name="teardown" is-config="true" duration-ms="124" started-at="2020-12-21T08:08:20 MST" finished-at="2020-12-21T08:08:20 MST">
          <reporter-output>
          </reporter-output>
        </test-method> <!-- teardown -->
      </class> <!-- Academy.HomePage -->
    </test> <!-- Validating User login -->
    <test name="Validating title in the Page" duration-ms="6545" started-at="2020-12-21T08:08:21 MST" finished-at="2020-12-21T08:08:27 MST">
      <class name="Academy.validateTitle">
        <test-method status="PASS" signature="initialize()[pri:0, instance:Academy.validateTitle@342c38f8]" name="initialize" is-config="true" duration-ms="6424" started-at="2020-12-21T08:08:21 MST" finished-at="2020-12-21T08:08:27 MST">
          <reporter-output>
          </reporter-output>
        </test-method> <!-- initialize -->
        <test-method status="PASS" signature="validateAppTitle()[pri:0, instance:Academy.validateTitle@342c38f8]" name="validateAppTitle" duration-ms="67" started-at="2020-12-21T08:08:27 MST" finished-at="2020-12-21T08:08:27 MST">
          <reporter-output>
          </reporter-output>
        </test-method> <!-- validateAppTitle -->
        <test-method status="PASS" signature="teardown()[pri:0, instance:Academy.validateTitle@342c38f8]" name="teardown" is-config="true" duration-ms="52" started-at="2020-12-21T08:08:27 MST" finished-at="2020-12-21T08:08:27 MST">
          <reporter-output>
          </reporter-output>
        </test-method> <!-- teardown -->
      </class> <!-- Academy.validateTitle -->
    </test> <!-- Validating title in the Page -->
    <test name="App Testing" duration-ms="0" started-at="2020-12-21T08:08:27 MST" finished-at="2020-12-21T08:08:27 MST">
    </test> <!-- App Testing -->
    <test name="Validating navigation Bar" duration-ms="7475" started-at="2020-12-21T08:08:27 MST" finished-at="2020-12-21T08:08:35 MST">
      <class name="Academy.validateNavigationBar">
        <test-method status="PASS" signature="initialize()[pri:0, instance:Academy.validateNavigationBar@6a57ae10]" name="initialize" is-config="true" duration-ms="7293" started-at="2020-12-21T08:08:27 MST" finished-at="2020-12-21T08:08:35 MST">
          <reporter-output>
          </reporter-output>
        </test-method> <!-- initialize -->
        <test-method status="PASS" signature="validateAppNavBar()[pri:0, instance:Academy.validateNavigationBar@6a57ae10]" name="validateAppNavBar" duration-ms="106" started-at="2020-12-21T08:08:35 MST" finished-at="2020-12-21T08:08:35 MST">
          <reporter-output>
          </reporter-output>
        </test-method> <!-- validateAppNavBar -->
        <test-method status="PASS" signature="teardown()[pri:0, instance:Academy.validateNavigationBar@6a57ae10]" name="teardown" is-config="true" duration-ms="73" started-at="2020-12-21T08:08:35 MST" finished-at="2020-12-21T08:08:35 MST">
          <reporter-output>
          </reporter-output>
        </test-method> <!-- teardown -->
      </class> <!-- Academy.validateNavigationBar -->
    </test> <!-- Validating navigation Bar -->
  </suite> <!-- Suite -->
</testng-results>
