<?xml version="1.0" encoding="UTF-8"?>
<testng-results skipped="0" failed="0" ignored="0" total="1" passed="1">
  <reporter-output>
  </reporter-output>
  <suite name="Default suite" duration-ms="31495" started-at="2020-11-24T12:29:04Z" finished-at="2020-11-24T12:29:35Z">
    <groups>
    </groups>
    <test name="Default test" duration-ms="31495" started-at="2020-11-24T12:29:04Z" finished-at="2020-11-24T12:29:35Z">
      <class name="Day2spicejet">
        <test-method status="PASS" signature="test()[pri:1, instance:Day2spicejet@402f32ff]" name="test" duration-ms="31473" started-at="2020-11-24T17:59:04Z" finished-at="2020-11-24T17:59:35Z">
          <reporter-output>
          </reporter-output>
        </test-method> <!-- test -->
      </class> <!-- Day2spicejet -->
    </test> <!-- Default test -->
  </suite> <!-- Default suite -->
</testng-results>
