<?xml version="1.0" encoding="UTF-8"?>
<!-- Generated by org.testng.reporters.JUnitXMLReporter -->
<testsuite hostname="DESKTOP-D26R0D6" ignored="7" name="Testsmoke" tests="2" failures="0" timestamp="20 Nov 2020 10:06:39 GMT" time="0.046" errors="0">
  <testcase name="carloan" time="0.0" classname="Vtestingpk.Vtesting"/>
  <testcase name="smoke" time="0.0" classname="Vtestingpk.Vtesting4"/>
  <testcase name="HomeLoan" time="0.0" classname="Vtestingpk.Vtesting2">
    <ignored/>
  </testcase> <!-- HomeLoan -->
  <testcase name="mobileLoan" time="0.0" classname="Vtestingpk.Vtesting2">
    <ignored/>
  </testcase> <!-- mobileLoan -->
  <testcase name="MobileSignoutCarloan" time="0.0" classname="Vtestingpk.Vtesting3">
    <ignored/>
  </testcase> <!-- MobileSignoutCarloan -->
  <testcase name="MobileSignoutCarloan" time="0.0" classname="Vtestingpk.Vtesting3">
    <ignored/>
  </testcase> <!-- MobileSignoutCarloan -->
  <testcase name="Apicarloan" time="0.0" classname="Vtestingpk.Vtesting3">
    <ignored/>
  </testcase> <!-- Apicarloan -->
  <testcase name="WebloginCarloan" time="0.0" classname="Vtestingpk.Vtesting3">
    <ignored/>
  </testcase> <!-- WebloginCarloan -->
  <testcase name="Signoutcarloan" time="0.0" classname="Vtestingpk.Vtesting3">
    <ignored/>
  </testcase> <!-- Signoutcarloan -->
</testsuite> <!-- Testsmoke -->
