<?xml version="1.0" encoding="UTF-8"?>
<testng-results skipped="0" failed="0" ignored="0" total="2" passed="2">
  <reporter-output>
  </reporter-output>
  <suite name="Command line suite" duration-ms="79" started-at="2020-12-20T07:12:20 MST" finished-at="2020-12-20T07:12:20 MST">
    <groups>
    </groups>
    <test name="Command line test" duration-ms="79" started-at="2020-12-20T07:12:20 MST" finished-at="2020-12-20T07:12:20 MST">
      <class name="qaclickacademy.mavenproject.RestapiTest">
        <test-method status="PASS" signature="firstTest()[pri:0, instance:qaclickacademy.mavenproject.RestapiTest@2758fe70]" name="firstTest" duration-ms="3" started-at="2020-12-20T07:12:20 MST" finished-at="2020-12-20T07:12:20 MST">
          <reporter-output>
          </reporter-output>
        </test-method> <!-- firstTest -->
      </class> <!-- qaclickacademy.mavenproject.RestapiTest -->
      <class name="qaclickacademy.mavenproject.AppiumTest">
        <test-method status="PASS" signature="firstTest()[pri:0, instance:qaclickacademy.mavenproject.AppiumTest@2b552920]" name="firstTest" duration-ms="9" started-at="2020-12-20T07:12:20 MST" finished-at="2020-12-20T07:12:20 MST">
          <reporter-output>
          </reporter-output>
        </test-method> <!-- firstTest -->
      </class> <!-- qaclickacademy.mavenproject.AppiumTest -->
    </test> <!-- Command line test -->
  </suite> <!-- Command line suite -->
</testng-results>
